<?xml version="1.0" encoding="UTF-8"?>
<!-- Generated by org.testng.reporters.JUnitXMLReporter -->
<testsuite ignored="0" hostname="LAPTOP-7GVM148Q" failures="0" tests="0" name="chrometest" time="30.153" errors="0" timestamp="2026-09-15T18:24:01 IST">
  <testcase classname="testBase.Baseclass" name="@AfterClass tearDown" time="0.616">
    <failure type="org.openqa.selenium.WebDriverException" message="Unable to execute request for an existing session: Failed to execute request (DELETE http://localhost:19804/session/e3daf2632d7e62ef5bd11e27f6ef4e6d)
Build info: version: &amp;apos;4.47.0&amp;apos;, revision: &amp;apos;9175ed9 9175ed94d83e87cc3abeb7c9fd91367d17849d35&amp;apos;
System info: os.name: &amp;apos;Windows 11&amp;apos;, os.arch: &amp;apos;amd64&amp;apos;, os.version: &amp;apos;10.0&amp;apos;, java.version: &amp;apos;17.0.17&amp;apos;
Driver info: org.openqa.selenium.remote.RemoteWebDriver
Command: [e3daf2632d7e62ef5bd11e27f6ef4e6d, quit {}]
Capabilities {acceptInsecureCerts: false, browserName: MicrosoftEdge, browserVersion: 153.0.4234.32, fedcm:accounts: true, goog:processID: 14584, ms:edgeOptions: {debuggerAddress: localhost:49347}, msedge: {msedgedriverVersion: 153.0.4234.32 (9aab8632678b..., userDataDir: C:\Users\NAGEND~1\AppData\L...}, networkConnectionEnabled: false, pageLoadStrategy: normal, platformName: windows, proxy: Proxy(), se:bidiEnabled: false, se:cdp: ws://localhost:4444/session..., se:cdpVersion: 153.0.4234.32, setWindowRect: true, strictFileInteractability: false, timeouts: {implicit: 0, pageLoad: 300000, script: 30000}, unhandledPromptBehavior: dismiss and notify, webauthn:extension:cmtgKey: true, webauthn:extension:credBlob: true, webauthn:extension:largeBlob: true, webauthn:extension:minPinLength: true, webauthn:extension:prf: true, webauthn:virtualAuthenticators: true}
Session ID: e3daf2632d7e62ef5bd11e27f6ef4e6d">
      <![CDATA[org.openqa.selenium.WebDriverException: Unable to execute request for an existing session: Failed to execute request (DELETE http://localhost:19804/session/e3daf2632d7e62ef5bd11e27f6ef4e6d)
Build info: version: '4.47.0', revision: '9175ed9 9175ed94d83e87cc3abeb7c9fd91367d17849d35'
System info: os.name: 'Windows 11', os.arch: 'amd64', os.version: '10.0', java.version: '17.0.17'
Driver info: org.openqa.selenium.remote.RemoteWebDriver
Command: [e3daf2632d7e62ef5bd11e27f6ef4e6d, quit {}]
Capabilities {acceptInsecureCerts: false, browserName: MicrosoftEdge, browserVersion: 153.0.4234.32, fedcm:accounts: true, goog:processID: 14584, ms:edgeOptions: {debuggerAddress: localhost:49347}, msedge: {msedgedriverVersion: 153.0.4234.32 (9aab8632678b..., userDataDir: C:\Users\NAGEND~1\AppData\L...}, networkConnectionEnabled: false, pageLoadStrategy: normal, platformName: windows, proxy: Proxy(), se:bidiEnabled: false, se:cdp: ws://localhost:4444/session..., se:cdpVersion: 153.0.4234.32, setWindowRect: true, strictFileInteractability: false, timeouts: {implicit: 0, pageLoad: 300000, script: 30000}, unhandledPromptBehavior: dismiss and notify, webauthn:extension:cmtgKey: true, webauthn:extension:credBlob: true, webauthn:extension:largeBlob: true, webauthn:extension:minPinLength: true, webauthn:extension:prf: true, webauthn:virtualAuthenticators: true}
Session ID: e3daf2632d7e62ef5bd11e27f6ef4e6d
at org.openqa.selenium.remote.ErrorCodec.decode(ErrorCodec.java:169)
at org.openqa.selenium.remote.codec.w3c.W3CHttpResponseCodec.decode(W3CHttpResponseCodec.java:143)
at org.openqa.selenium.remote.codec.w3c.W3CHttpResponseCodec.decode(W3CHttpResponseCodec.java:50)
at org.openqa.selenium.remote.HttpCommandExecutor.execute(HttpCommandExecutor.java:196)
at org.openqa.selenium.remote.TracedCommandExecutor.execute(TracedCommandExecutor.java:51)
at org.openqa.selenium.remote.RemoteWebDriver.execute(RemoteWebDriver.java:653)
at org.openqa.selenium.remote.RemoteWebDriver.execute(RemoteWebDriver.java:735)
at org.openqa.selenium.remote.RemoteWebDriver.execute(RemoteWebDriver.java:739)
at org.openqa.selenium.remote.RemoteWebDriver.quit(RemoteWebDriver.java:552)
at testBase.Baseclass.tearDown(Baseclass.java:103)
at java.base/java.util.ArrayList.forEach(ArrayList.java:1511)
at java.base/java.util.concurrent.FutureTask.run(FutureTask.java:264)
at java.base/java.util.concurrent.ThreadPoolExecutor.runWorker(ThreadPoolExecutor.java:1136)
at java.base/java.util.concurrent.ThreadPoolExecutor$Worker.run(ThreadPoolExecutor.java:635)
at java.base/java.lang.Thread.run(Thread.java:840)
... Removed 16 stack frames]]>
    </failure>
  </testcase> <!-- @AfterClass tearDown -->
  <testcase classname="testBase.Baseclass" name="@AfterClass tearDown" time="10.961">
    <failure type="org.openqa.selenium.remote.UnreachableBrowserException" message="Error communicating with the remote browser. It may have died.
Build info: version: &amp;apos;4.47.0&amp;apos;, revision: &amp;apos;9175ed9 9175ed94d83e87cc3abeb7c9fd91367d17849d35&amp;apos;
System info: os.name: &amp;apos;Windows 11&amp;apos;, os.arch: &amp;apos;amd64&amp;apos;, os.version: &amp;apos;10.0&amp;apos;, java.version: &amp;apos;17.0.17&amp;apos;
Driver info: org.openqa.selenium.remote.RemoteWebDriver
Command: [e3daf2632d7e62ef5bd11e27f6ef4e6d, quit []]
Capabilities {acceptInsecureCerts: false, browserName: MicrosoftEdge, browserVersion: 153.0.4234.32, fedcm:accounts: true, goog:processID: 14584, ms:edgeOptions: {debuggerAddress: localhost:49347}, msedge: {msedgedriverVersion: 153.0.4234.32 (9aab8632678b..., userDataDir: C:\Users\NAGEND~1\AppData\L...}, networkConnectionEnabled: false, pageLoadStrategy: normal, platformName: windows, proxy: Proxy(), se:bidiEnabled: false, se:cdp: ws://localhost:4444/session..., se:cdpVersion: 153.0.4234.32, setWindowRect: true, strictFileInteractability: false, timeouts: {implicit: 0, pageLoad: 300000, script: 30000}, unhandledPromptBehavior: dismiss and notify, webauthn:extension:cmtgKey: true, webauthn:extension:credBlob: true, webauthn:extension:largeBlob: true, webauthn:extension:minPinLength: true, webauthn:extension:prf: true, webauthn:virtualAuthenticators: true}">
      <![CDATA[org.openqa.selenium.remote.UnreachableBrowserException: Error communicating with the remote browser. It may have died.
Build info: version: '4.47.0', revision: '9175ed9 9175ed94d83e87cc3abeb7c9fd91367d17849d35'
System info: os.name: 'Windows 11', os.arch: 'amd64', os.version: '10.0', java.version: '17.0.17'
Driver info: org.openqa.selenium.remote.RemoteWebDriver
Command: [e3daf2632d7e62ef5bd11e27f6ef4e6d, quit []]
Capabilities {acceptInsecureCerts: false, browserName: MicrosoftEdge, browserVersion: 153.0.4234.32, fedcm:accounts: true, goog:processID: 14584, ms:edgeOptions: {debuggerAddress: localhost:49347}, msedge: {msedgedriverVersion: 153.0.4234.32 (9aab8632678b..., userDataDir: C:\Users\NAGEND~1\AppData\L...}, networkConnectionEnabled: false, pageLoadStrategy: normal, platformName: windows, proxy: Proxy(), se:bidiEnabled: false, se:cdp: ws://localhost:4444/session..., se:cdpVersion: 153.0.4234.32, setWindowRect: true, strictFileInteractability: false, timeouts: {implicit: 0, pageLoad: 300000, script: 30000}, unhandledPromptBehavior: dismiss and notify, webauthn:extension:cmtgKey: true, webauthn:extension:credBlob: true, webauthn:extension:largeBlob: true, webauthn:extension:minPinLength: true, webauthn:extension:prf: true, webauthn:virtualAuthenticators: true}
at org.openqa.selenium.remote.RemoteWebDriver.execute(RemoteWebDriver.java:689)
at org.openqa.selenium.remote.RemoteWebDriver.execute(RemoteWebDriver.java:735)
at org.openqa.selenium.remote.RemoteWebDriver.execute(RemoteWebDriver.java:739)
at org.openqa.selenium.remote.RemoteWebDriver.quit(RemoteWebDriver.java:552)
at testBase.Baseclass.tearDown(Baseclass.java:103)
at java.base/java.util.ArrayList.forEach(ArrayList.java:1511)
at java.base/java.util.concurrent.FutureTask.run(FutureTask.java:264)
at java.base/java.util.concurrent.ThreadPoolExecutor.runWorker(ThreadPoolExecutor.java:1136)
at java.base/java.util.concurrent.ThreadPoolExecutor$Worker.run(ThreadPoolExecutor.java:635)
at java.base/java.lang.Thread.run(Thread.java:840)
Caused by: java.io.UncheckedIOException: Failed to execute request (DELETE http://localhost:4444/session/e3daf2632d7e62ef5bd11e27f6ef4e6d)
at org.openqa.selenium.remote.http.jdk.JdkHttpClient.execute0(JdkHttpClient.java:501)
at org.openqa.selenium.remote.http.AddSeleniumUserAgent.lambda$apply$0(AddSeleniumUserAgent.java:46)
at org.openqa.selenium.remote.http.Filter.lambda$andFinally$0(Filter.java:55)
at org.openqa.selenium.remote.http.jdk.JdkHttpClient.lambda$executeAsync$0(JdkHttpClient.java:399)
at java.base/java.util.concurrent.Executors$RunnableAdapter.call(Executors.java:539)
... 4 more
Caused by: java.io.IOException: Task jdk.internal.net.http.common.SequentialScheduler$SchedulableTask@7bec967f rejected from java.util.concurrent.ThreadPoolExecutor@2a7afde8[Shutting down, pool size = 1, active threads = 1, queued tasks = 0, completed tasks = 94]
at java.net.http/jdk.internal.net.http.HttpClientImpl.send(HttpClientImpl.java:919)
at java.net.http/jdk.internal.net.http.HttpClientFacade.send(HttpClientFacade.java:133)
at org.openqa.selenium.remote.http.jdk.JdkHttpClient.execute0(JdkHttpClient.java:473)
... 8 more
Caused by: java.util.concurrent.RejectedExecutionException: Task jdk.internal.net.http.common.SequentialScheduler$SchedulableTask@7bec967f rejected from java.util.concurrent.ThreadPoolExecutor@2a7afde8[Shutting down, pool size = 1, active threads = 1, queued tasks = 0, completed tasks = 94]
at java.base/java.util.concurrent.ThreadPoolExecutor$AbortPolicy.rejectedExecution(ThreadPoolExecutor.java:2065)
at java.base/java.util.concurrent.ThreadPoolExecutor.reject(ThreadPoolExecutor.java:833)
at java.base/java.util.concurrent.ThreadPoolExecutor.execute(ThreadPoolExecutor.java:1365)
at java.net.http/jdk.internal.net.http.HttpClientImpl$DelegatingExecutor.ensureExecutedAsync(HttpClientImpl.java:180)
at java.net.http/jdk.internal.net.http.HttpClientImpl$DelegatingExecutor.execute(HttpClientImpl.java:172)
at java.net.http/jdk.internal.net.http.common.SequentialScheduler.runOrSchedule(SequentialScheduler.java:305)
at java.net.http/jdk.internal.net.http.common.SequentialScheduler.runOrSchedule(SequentialScheduler.java:274)
at java.net.http/jdk.internal.net.http.Http1AsyncReceiver.asyncReceive(Http1AsyncReceiver.java:464)
at java.net.http/jdk.internal.net.http.Http1AsyncReceiver$Http1TubeSubscriber.onNext(Http1AsyncReceiver.java:585)
at java.net.http/jdk.internal.net.http.Http1AsyncReceiver$Http1TubeSubscriber.onNext(Http1AsyncReceiver.java:542)
at java.net.http/jdk.internal.net.http.SocketTube$InternalReadPublisher$InternalReadSubscription.read(SocketTube.java:865)
at java.net.http/jdk.internal.net.http.SocketTube$SocketFlowTask.run(SocketTube.java:181)
at java.net.http/jdk.internal.net.http.common.SequentialScheduler$SchedulableTask.run(SequentialScheduler.java:230)
at java.net.http/jdk.internal.net.http.common.SequentialScheduler.runOrSchedule(SequentialScheduler.java:303)
at java.net.http/jdk.internal.net.http.common.SequentialScheduler.runOrSchedule(SequentialScheduler.java:256)
at java.net.http/jdk.internal.net.http.SocketTube$InternalReadPublisher$InternalReadSubscription.signalReadable(SocketTube.java:782)
at java.net.http/jdk.internal.net.http.SocketTube$InternalReadPublisher$ReadEvent.signalEvent(SocketTube.java:965)
at java.net.http/jdk.internal.net.http.SocketTube$SocketFlowEvent.handle(SocketTube.java:253)
at java.net.http/jdk.internal.net.http.HttpClientImpl$SelectorManager.handleEvent(HttpClientImpl.java:1402)
at java.net.http/jdk.internal.net.http.HttpClientImpl$SelectorManager.lambda$run$3(HttpClientImpl.java:1347)
at java.base/java.util.ArrayList.forEach(ArrayList.java:1511)
at java.net.http/jdk.internal.net.http.HttpClientImpl$SelectorManager.run(HttpClientImpl.java:1347)
... Removed 16 stack frames]]>
    </failure>
  </testcase> <!-- @AfterClass tearDown -->
</testsuite> <!-- chrometest -->
